bejfhmzczeghqktnqliaolpoazvpsdflrqxwdrvkorigcmutgcsjwfaua
gtkclmqgcagtqgcagtqgcagtqgcaqgcariwehfriwehf
csmzjcxepgptfdcnkrncvkcoumevwvpvaxbyqoexwujwp
dlhcncdvqgfhezrcvscgzwwjsdwkctejevnajabkqvswqxz
bjnnuknqsfsrdgmgxflnkfrcuhjhpahilrvncvkvssdsouydwjmeagyob
dfgthxdfgthxqhxhxdfgtqhxqhxqqvthzvow
blpblpndtclpndtcrwwwbwwwrwww
cwvswrheepfwggwgyonraikjeampdizqbotbnoazzsyyxcoj
axcyaxcyminpaxminpszitaxminpzitaxzit
brorejctwwdaekggrmehclfuophnejwvynrdkylwyszt
bwjibwjibwjijp
crmiccrmcrmiccrmcrmiccrmicmwpodocrmodosil
dyroiymybeaxeyubxzdr
fujvkgukjmokvzmzrodprjojpzbsroschpxugnefwlwpobp
ehhsmhehhsmhihsmhixgehxgixgxnfc
dxujtdmdxujtdmmnyznlmnyzdxunlmnyznluxdxuux
cupfacebookforhackerstudentsstudious
dcyihopjijliuiuy
dixldllordrlolrlor
aaqzeebdhdfeaxkxpkwnjxqbnhnxpcusuxnnrzkov
